[3.555s] Invoking command in '/home/ethanho231/ros2_ws/src/my_robot_samples': PYTHONPATH=/home/ethanho231/ros2_ws/build/my_robot_samples/prefix_override:/home/ethanho231/ros2_ws/install/my_robot_samples/lib/python3.10/site-packages:${PYTHONPATH} /usr/bin/python3 setup.py egg_info --egg-base ../../build/my_robot_samples build --build-base /home/ethanho231/ros2_ws/build/my_robot_samples/build install --record /home/ethanho231/ros2_ws/build/my_robot_samples/install.log --single-version-externally-managed
[4.684s] running egg_info
[4.687s] creating ../../build/my_robot_samples/my_robot_samples.egg-info
[4.688s] writing ../../build/my_robot_samples/my_robot_samples.egg-info/PKG-INFO
[4.689s] writing dependency_links to ../../build/my_robot_samples/my_robot_samples.egg-info/dependency_links.txt
[4.689s] writing entry points to ../../build/my_robot_samples/my_robot_samples.egg-info/entry_points.txt
[4.690s] writing requirements to ../../build/my_robot_samples/my_robot_samples.egg-info/requires.txt
[4.690s] writing top-level names to ../../build/my_robot_samples/my_robot_samples.egg-info/top_level.txt
[4.693s] writing manifest file '../../build/my_robot_samples/my_robot_samples.egg-info/SOURCES.txt'
[4.699s] reading manifest file '../../build/my_robot_samples/my_robot_samples.egg-info/SOURCES.txt'
[4.702s] writing manifest file '../../build/my_robot_samples/my_robot_samples.egg-info/SOURCES.txt'
[4.703s] running build
[4.704s] running build_py
[4.704s] creating /home/ethanho231/ros2_ws/build/my_robot_samples/build
[4.705s] creating /home/ethanho231/ros2_ws/build/my_robot_samples/build/lib
[4.705s] creating /home/ethanho231/ros2_ws/build/my_robot_samples/build/lib/my_robot_samples
[4.706s] copying my_robot_samples/__init__.py -> /home/ethanho231/ros2_ws/build/my_robot_samples/build/lib/my_robot_samples
[4.706s] running install
[4.707s] running install_lib
[4.710s] creating /home/ethanho231/ros2_ws/install/my_robot_samples/lib/python3.10/site-packages/my_robot_samples
[4.711s] copying /home/ethanho231/ros2_ws/build/my_robot_samples/build/lib/my_robot_samples/__init__.py -> /home/ethanho231/ros2_ws/install/my_robot_samples/lib/python3.10/site-packages/my_robot_samples
[4.713s] byte-compiling /home/ethanho231/ros2_ws/install/my_robot_samples/lib/python3.10/site-packages/my_robot_samples/__init__.py to __init__.cpython-310.pyc
[4.714s] running install_data
[4.716s] creating /home/ethanho231/ros2_ws/install/my_robot_samples/share/ament_index
[4.717s] creating /home/ethanho231/ros2_ws/install/my_robot_samples/share/ament_index/resource_index
[4.717s] creating /home/ethanho231/ros2_ws/install/my_robot_samples/share/ament_index/resource_index/packages
[4.718s] copying resource/my_robot_samples -> /home/ethanho231/ros2_ws/install/my_robot_samples/share/ament_index/resource_index/packages
[4.718s] copying package.xml -> /home/ethanho231/ros2_ws/install/my_robot_samples/share/my_robot_samples
[4.718s] running install_egg_info
[4.725s] Copying ../../build/my_robot_samples/my_robot_samples.egg-info to /home/ethanho231/ros2_ws/install/my_robot_samples/lib/python3.10/site-packages/my_robot_samples-0.0.0-py3.10.egg-info
[4.730s] running install_scripts
[4.807s] writing list of installed files to '/home/ethanho231/ros2_ws/build/my_robot_samples/install.log'
[4.936s] Invoked command in '/home/ethanho231/ros2_ws/src/my_robot_samples' returned '0': PYTHONPATH=/home/ethanho231/ros2_ws/build/my_robot_samples/prefix_override:/home/ethanho231/ros2_ws/install/my_robot_samples/lib/python3.10/site-packages:${PYTHONPATH} /usr/bin/python3 setup.py egg_info --egg-base ../../build/my_robot_samples build --build-base /home/ethanho231/ros2_ws/build/my_robot_samples/build install --record /home/ethanho231/ros2_ws/build/my_robot_samples/install.log --single-version-externally-managed
