[4.438s] DEBUG:colcon:Command line arguments: ['/usr/bin/colcon', 'build']
[4.439s] DEBUG:colcon:Parsed command line arguments: Namespace(log_base=None, log_level=None, verb_name='build', build_base='build', install_base='install', merge_install=False, symlink_install=False, test_result_base=None, continue_on_error=False, executor='parallel', parallel_workers=4, event_handlers=None, ignore_user_meta=False, metas=['./colcon.meta'], base_paths=['.'], packages_ignore=None, packages_ignore_regex=None, paths=None, packages_up_to=None, packages_up_to_regex=None, packages_above=None, packages_above_and_dependencies=None, packages_above_depth=None, packages_select_by_dep=None, packages_skip_by_dep=None, packages_skip_up_to=None, packages_select_build_failed=False, packages_skip_build_finished=False, packages_select_test_failures=False, packages_skip_test_passed=False, packages_select=None, packages_skip=None, packages_select_regex=None, packages_skip_regex=None, packages_start=None, packages_end=None, allow_overriding=[], cmake_args=None, cmake_target=None, cmake_target_skip_unavailable=False, cmake_clean_cache=False, cmake_clean_first=False, cmake_force_configure=False, ament_cmake_args=None, catkin_cmake_args=None, catkin_skip_building_tests=False, verb_parser=<colcon_defaults.argument_parser.defaults.DefaultArgumentsDecorator object at 0xffff9ada9cc0>, verb_extension=<colcon_core.verb.build.BuildVerb object at 0xffff9b0b3640>, main=<bound method BuildVerb.main of <colcon_core.verb.build.BuildVerb object at 0xffff9b0b3640>>)
[4.642s] Level 1:colcon.colcon_core.package_discovery:discover_packages(colcon_meta) check parameters
[4.643s] Level 1:colcon.colcon_core.package_discovery:discover_packages(recursive) check parameters
[4.643s] Level 1:colcon.colcon_core.package_discovery:discover_packages(ignore) check parameters
[4.643s] Level 1:colcon.colcon_core.package_discovery:discover_packages(path) check parameters
[4.643s] Level 1:colcon.colcon_core.package_discovery:discover_packages(colcon_meta) discover
[4.644s] Level 1:colcon.colcon_core.package_discovery:discover_packages(recursive) discover
[4.644s] INFO:colcon.colcon_core.package_discovery:Crawling recursively for packages in '/home/ethanho231/ros2_ws'
[4.644s] Level 1:colcon.colcon_core.package_identification:_identify(.) by extensions ['ignore', 'ignore_ament_install']
[4.645s] Level 1:colcon.colcon_core.package_identification:_identify(.) by extension 'ignore'
[4.645s] Level 1:colcon.colcon_core.package_identification:_identify(.) by extension 'ignore_ament_install'
[4.645s] Level 1:colcon.colcon_core.package_identification:_identify(.) by extensions ['colcon_pkg']
[4.645s] Level 1:colcon.colcon_core.package_identification:_identify(.) by extension 'colcon_pkg'
[4.646s] Level 1:colcon.colcon_core.package_identification:_identify(.) by extensions ['colcon_meta']
[4.646s] Level 1:colcon.colcon_core.package_identification:_identify(.) by extension 'colcon_meta'
[4.646s] Level 1:colcon.colcon_core.package_identification:_identify(.) by extensions ['ros']
[4.646s] Level 1:colcon.colcon_core.package_identification:_identify(.) by extension 'ros'
[4.693s] Level 1:colcon.colcon_core.package_identification:_identify(.) by extensions ['cmake', 'python']
[4.693s] Level 1:colcon.colcon_core.package_identification:_identify(.) by extension 'cmake'
[4.693s] Level 1:colcon.colcon_core.package_identification:_identify(.) by extension 'python'
[4.693s] Level 1:colcon.colcon_core.package_identification:_identify(.) by extensions ['python_setup_py']
[4.694s] Level 1:colcon.colcon_core.package_identification:_identify(.) by extension 'python_setup_py'
[4.694s] Level 1:colcon.colcon_core.package_identification:_identify(build) by extensions ['ignore', 'ignore_ament_install']
[4.695s] Level 1:colcon.colcon_core.package_identification:_identify(build) by extension 'ignore'
[4.695s] Level 1:colcon.colcon_core.package_identification:_identify(build) ignored
[4.695s] Level 1:colcon.colcon_core.package_identification:_identify(install) by extensions ['ignore', 'ignore_ament_install']
[4.696s] Level 1:colcon.colcon_core.package_identification:_identify(install) by extension 'ignore'
[4.696s] Level 1:colcon.colcon_core.package_identification:_identify(install) ignored
[4.697s] Level 1:colcon.colcon_core.package_identification:_identify(log) by extensions ['ignore', 'ignore_ament_install']
[4.697s] Level 1:colcon.colcon_core.package_identification:_identify(log) by extension 'ignore'
[4.697s] Level 1:colcon.colcon_core.package_identification:_identify(log) ignored
[4.698s] Level 1:colcon.colcon_core.package_identification:_identify(src) by extensions ['ignore', 'ignore_ament_install']
[4.698s] Level 1:colcon.colcon_core.package_identification:_identify(src) by extension 'ignore'
[4.698s] Level 1:colcon.colcon_core.package_identification:_identify(src) by extension 'ignore_ament_install'
[4.698s] Level 1:colcon.colcon_core.package_identification:_identify(src) by extensions ['colcon_pkg']
[4.699s] Level 1:colcon.colcon_core.package_identification:_identify(src) by extension 'colcon_pkg'
[4.699s] Level 1:colcon.colcon_core.package_identification:_identify(src) by extensions ['colcon_meta']
[4.699s] Level 1:colcon.colcon_core.package_identification:_identify(src) by extension 'colcon_meta'
[4.699s] Level 1:colcon.colcon_core.package_identification:_identify(src) by extensions ['ros']
[4.699s] Level 1:colcon.colcon_core.package_identification:_identify(src) by extension 'ros'
[4.700s] Level 1:colcon.colcon_core.package_identification:_identify(src) by extensions ['cmake', 'python']
[4.700s] Level 1:colcon.colcon_core.package_identification:_identify(src) by extension 'cmake'
[4.700s] Level 1:colcon.colcon_core.package_identification:_identify(src) by extension 'python'
[4.700s] Level 1:colcon.colcon_core.package_identification:_identify(src) by extensions ['python_setup_py']
[4.700s] Level 1:colcon.colcon_core.package_identification:_identify(src) by extension 'python_setup_py'
[4.701s] Level 1:colcon.colcon_core.package_identification:_identify(src/my_robot_samples) by extensions ['ignore', 'ignore_ament_install']
[4.701s] Level 1:colcon.colcon_core.package_identification:_identify(src/my_robot_samples) by extension 'ignore'
[4.701s] Level 1:colcon.colcon_core.package_identification:_identify(src/my_robot_samples) by extension 'ignore_ament_install'
[4.701s] Level 1:colcon.colcon_core.package_identification:_identify(src/my_robot_samples) by extensions ['colcon_pkg']
[4.702s] Level 1:colcon.colcon_core.package_identification:_identify(src/my_robot_samples) by extension 'colcon_pkg'
[4.702s] Level 1:colcon.colcon_core.package_identification:_identify(src/my_robot_samples) by extensions ['colcon_meta']
[4.702s] Level 1:colcon.colcon_core.package_identification:_identify(src/my_robot_samples) by extension 'colcon_meta'
[4.702s] Level 1:colcon.colcon_core.package_identification:_identify(src/my_robot_samples) by extensions ['ros']
[4.702s] Level 1:colcon.colcon_core.package_identification:_identify(src/my_robot_samples) by extension 'ros'
[4.712s] DEBUG:colcon.colcon_core.package_identification:Found ROS schema reference in package manifest in 'src/my_robot_samples'
[4.713s] WARNING:colcon.colcon_core.package_identification:Failed to parse ROS package manifest in 'src/my_robot_samples': Error(s) in package 'src/my_robot_samples/package.xml':
Invalid email "@gmail.com" for person "hoethan231"
[4.713s] Level 1:colcon.colcon_core.package_identification:_identify(src/my_robot_samples) by extensions ['cmake', 'python']
[4.713s] Level 1:colcon.colcon_core.package_identification:_identify(src/my_robot_samples) by extension 'cmake'
[4.714s] Level 1:colcon.colcon_core.package_identification:_identify(src/my_robot_samples) by extension 'python'
[4.714s] DEBUG:colcon.colcon_core.package_identification:Python package in 'src/my_robot_samples' passes arguments to the setup() function which requires a different identification extension than 'python'
[4.714s] Level 1:colcon.colcon_core.package_identification:_identify(src/my_robot_samples) by extensions ['python_setup_py']
[4.714s] Level 1:colcon.colcon_core.package_identification:_identify(src/my_robot_samples) by extension 'python_setup_py'
[5.923s] DEBUG:colcon.colcon_core.package_identification:Package 'src/my_robot_samples' with type 'python' and name 'my_robot_samples'
[5.923s] Level 1:colcon.colcon_core.package_discovery:discover_packages(recursive) using defaults
[5.923s] Level 1:colcon.colcon_core.package_discovery:discover_packages(ignore) discover
[5.923s] Level 1:colcon.colcon_core.package_discovery:discover_packages(ignore) using defaults
[5.923s] Level 1:colcon.colcon_core.package_discovery:discover_packages(path) discover
[5.924s] Level 1:colcon.colcon_core.package_discovery:discover_packages(path) using defaults
[6.309s] Level 1:colcon.colcon_core.package_discovery:discover_packages(prefix_path) check parameters
[6.310s] Level 1:colcon.colcon_core.package_discovery:discover_packages(prefix_path) discover
[6.441s] DEBUG:colcon.colcon_installed_package_information.package_discovery:Found 1 installed packages in /home/ethanho231/ros2_ws/install
[6.513s] DEBUG:colcon.colcon_installed_package_information.package_discovery:Found 270 installed packages in /opt/ros/humble
[6.519s] Level 1:colcon.colcon_core.package_discovery:discover_packages(prefix_path) using defaults
[6.951s] Level 5:colcon.colcon_core.verb:set package 'my_robot_samples' build argument 'cmake_args' from command line to 'None'
[6.951s] Level 5:colcon.colcon_core.verb:set package 'my_robot_samples' build argument 'cmake_target' from command line to 'None'
[6.951s] Level 5:colcon.colcon_core.verb:set package 'my_robot_samples' build argument 'cmake_target_skip_unavailable' from command line to 'False'
[6.951s] Level 5:colcon.colcon_core.verb:set package 'my_robot_samples' build argument 'cmake_clean_cache' from command line to 'False'
[6.952s] Level 5:colcon.colcon_core.verb:set package 'my_robot_samples' build argument 'cmake_clean_first' from command line to 'False'
[6.952s] Level 5:colcon.colcon_core.verb:set package 'my_robot_samples' build argument 'cmake_force_configure' from command line to 'False'
[6.952s] Level 5:colcon.colcon_core.verb:set package 'my_robot_samples' build argument 'ament_cmake_args' from command line to 'None'
[6.952s] Level 5:colcon.colcon_core.verb:set package 'my_robot_samples' build argument 'catkin_cmake_args' from command line to 'None'
[6.952s] Level 5:colcon.colcon_core.verb:set package 'my_robot_samples' build argument 'catkin_skip_building_tests' from command line to 'False'
[6.952s] DEBUG:colcon.colcon_core.verb:Building package 'my_robot_samples' with the following arguments: {'ament_cmake_args': None, 'build_base': '/home/ethanho231/ros2_ws/build/my_robot_samples', 'catkin_cmake_args': None, 'catkin_skip_building_tests': False, 'cmake_args': None, 'cmake_clean_cache': False, 'cmake_clean_first': False, 'cmake_force_configure': False, 'cmake_target': None, 'cmake_target_skip_unavailable': False, 'install_base': '/home/ethanho231/ros2_ws/install/my_robot_samples', 'merge_install': False, 'path': '/home/ethanho231/ros2_ws/src/my_robot_samples', 'symlink_install': False, 'test_result_base': None}
[7.013s] INFO:colcon.colcon_core.executor:Executing jobs using 'parallel' executor
[7.077s] DEBUG:colcon.colcon_parallel_executor.executor.parallel:run_until_complete
[7.079s] INFO:colcon.colcon_core.task.python.build:Building Python package in '/home/ethanho231/ros2_ws/src/my_robot_samples'
[7.163s] INFO:colcon.colcon_core.plugin_system:Skipping extension 'colcon_core.shell.bat': Not used on non-Windows systems
[7.164s] INFO:colcon.colcon_core.shell:Skip shell extension 'powershell' for command environment: Not usable outside of PowerShell
[7.164s] DEBUG:colcon.colcon_core.shell:Skip shell extension 'dsv' for command environment
[10.420s] DEBUG:colcon.colcon_core.event_handler.log_command:Invoking command in '/home/ethanho231/ros2_ws/build/my_robot_samples': PYTHONPATH=/home/ethanho231/ros2_ws/build/my_robot_samples/prefix_override:/home/ethanho231/ros2_ws/install/my_robot_samples/lib/python3.10/site-packages:${PYTHONPATH} /usr/bin/python3 setup.py develop --uninstall --editable --build-directory /home/ethanho231/ros2_ws/build/my_robot_samples/build
[12.692s] DEBUG:colcon.colcon_core.event_handler.log_command:Invoked command in '/home/ethanho231/ros2_ws/build/my_robot_samples' returned '0': PYTHONPATH=/home/ethanho231/ros2_ws/build/my_robot_samples/prefix_override:/home/ethanho231/ros2_ws/install/my_robot_samples/lib/python3.10/site-packages:${PYTHONPATH} /usr/bin/python3 setup.py develop --uninstall --editable --build-directory /home/ethanho231/ros2_ws/build/my_robot_samples/build
[12.703s] DEBUG:colcon.colcon_core.event_handler.log_command:Invoking command in '/home/ethanho231/ros2_ws/src/my_robot_samples': PYTHONPATH=/home/ethanho231/ros2_ws/build/my_robot_samples/prefix_override:/home/ethanho231/ros2_ws/install/my_robot_samples/lib/python3.10/site-packages:${PYTHONPATH} /usr/bin/python3 setup.py egg_info --egg-base ../../build/my_robot_samples build --build-base /home/ethanho231/ros2_ws/build/my_robot_samples/build install --record /home/ethanho231/ros2_ws/build/my_robot_samples/install.log --single-version-externally-managed
[14.204s] DEBUG:colcon.colcon_core.event_handler.log_command:Invoked command in '/home/ethanho231/ros2_ws/src/my_robot_samples' returned '0': PYTHONPATH=/home/ethanho231/ros2_ws/build/my_robot_samples/prefix_override:/home/ethanho231/ros2_ws/install/my_robot_samples/lib/python3.10/site-packages:${PYTHONPATH} /usr/bin/python3 setup.py egg_info --egg-base ../../build/my_robot_samples build --build-base /home/ethanho231/ros2_ws/build/my_robot_samples/build install --record /home/ethanho231/ros2_ws/build/my_robot_samples/install.log --single-version-externally-managed
[14.292s] Level 1:colcon.colcon_core.environment:checking '/home/ethanho231/ros2_ws/install/my_robot_samples' for CMake module files
[14.294s] Level 1:colcon.colcon_core.environment:checking '/home/ethanho231/ros2_ws/install/my_robot_samples' for CMake config files
[14.298s] Level 1:colcon.colcon_core.environment:checking '/home/ethanho231/ros2_ws/install/my_robot_samples/lib'
[14.298s] Level 1:colcon.colcon_core.environment:checking '/home/ethanho231/ros2_ws/install/my_robot_samples/bin'
[14.299s] Level 1:colcon.colcon_core.environment:checking '/home/ethanho231/ros2_ws/install/my_robot_samples/lib/pkgconfig/my_robot_samples.pc'
[14.300s] Level 1:colcon.colcon_core.environment:checking '/home/ethanho231/ros2_ws/install/my_robot_samples/lib/python3.10/site-packages'
[14.300s] Level 1:colcon.colcon_core.shell:create_environment_hook('my_robot_samples', 'pythonpath')
[14.374s] INFO:colcon.colcon_core.shell:Creating environment hook '/home/ethanho231/ros2_ws/install/my_robot_samples/share/my_robot_samples/hook/pythonpath.ps1'
[14.376s] INFO:colcon.colcon_core.shell:Creating environment descriptor '/home/ethanho231/ros2_ws/install/my_robot_samples/share/my_robot_samples/hook/pythonpath.dsv'
[14.379s] INFO:colcon.colcon_core.shell:Creating environment hook '/home/ethanho231/ros2_ws/install/my_robot_samples/share/my_robot_samples/hook/pythonpath.sh'
[14.382s] Level 1:colcon.colcon_core.environment:checking '/home/ethanho231/ros2_ws/install/my_robot_samples/bin'
[14.383s] Level 1:colcon.colcon_core.environment:create_environment_scripts_only(my_robot_samples)
[14.445s] INFO:colcon.colcon_core.shell:Creating package script '/home/ethanho231/ros2_ws/install/my_robot_samples/share/my_robot_samples/package.ps1'
[14.449s] INFO:colcon.colcon_core.shell:Creating package descriptor '/home/ethanho231/ros2_ws/install/my_robot_samples/share/my_robot_samples/package.dsv'
[14.452s] INFO:colcon.colcon_core.shell:Creating package script '/home/ethanho231/ros2_ws/install/my_robot_samples/share/my_robot_samples/package.sh'
[14.455s] INFO:colcon.colcon_core.shell:Creating package script '/home/ethanho231/ros2_ws/install/my_robot_samples/share/my_robot_samples/package.bash'
[14.458s] INFO:colcon.colcon_core.shell:Creating package script '/home/ethanho231/ros2_ws/install/my_robot_samples/share/my_robot_samples/package.zsh'
[14.462s] Level 1:colcon.colcon_core.environment:create_file_with_runtime_dependencies(/home/ethanho231/ros2_ws/install/my_robot_samples/share/colcon-core/packages/my_robot_samples)
[14.464s] DEBUG:colcon.colcon_parallel_executor.executor.parallel:closing loop
[14.466s] DEBUG:colcon.colcon_parallel_executor.executor.parallel:loop closed
[14.467s] DEBUG:colcon.colcon_parallel_executor.executor.parallel:run_until_complete finished with '0'
[14.469s] DEBUG:colcon.colcon_core.event_reactor:joining thread
[14.560s] INFO:colcon.colcon_core.plugin_system:Skipping extension 'colcon_notification.desktop_notification.terminal_notifier': Not used on non-Darwin systems
[14.561s] INFO:colcon.colcon_core.plugin_system:Skipping extension 'colcon_notification.desktop_notification.win32': Not used on non-Windows systems
[14.567s] INFO:colcon.colcon_notification.desktop_notification:Sending desktop notification using 'notify2'
[14.624s] DEBUG:colcon.colcon_core.event_reactor:joined thread
[14.717s] INFO:colcon.colcon_core.shell:Creating prefix script '/home/ethanho231/ros2_ws/install/local_setup.ps1'
[14.723s] INFO:colcon.colcon_core.shell:Creating prefix util module '/home/ethanho231/ros2_ws/install/_local_setup_util_ps1.py'
[14.729s] INFO:colcon.colcon_core.shell:Creating prefix chain script '/home/ethanho231/ros2_ws/install/setup.ps1'
[14.814s] INFO:colcon.colcon_core.shell:Creating prefix script '/home/ethanho231/ros2_ws/install/local_setup.sh'
[14.818s] INFO:colcon.colcon_core.shell:Creating prefix util module '/home/ethanho231/ros2_ws/install/_local_setup_util_sh.py'
[14.822s] INFO:colcon.colcon_core.shell:Creating prefix chain script '/home/ethanho231/ros2_ws/install/setup.sh'
[14.891s] INFO:colcon.colcon_core.shell:Creating prefix script '/home/ethanho231/ros2_ws/install/local_setup.bash'
[14.893s] INFO:colcon.colcon_core.shell:Creating prefix chain script '/home/ethanho231/ros2_ws/install/setup.bash'
[14.963s] INFO:colcon.colcon_core.shell:Creating prefix script '/home/ethanho231/ros2_ws/install/local_setup.zsh'
[14.966s] INFO:colcon.colcon_core.shell:Creating prefix chain script '/home/ethanho231/ros2_ws/install/setup.zsh'
