[4.420s] DEBUG:colcon:Command line arguments: ['/usr/bin/colcon', 'build', '--symlink-install']
[4.420s] DEBUG:colcon:Parsed command line arguments: Namespace(log_base=None, log_level=None, verb_name='build', build_base='build', install_base='install', merge_install=False, symlink_install=True, test_result_base=None, continue_on_error=False, executor='parallel', parallel_workers=4, event_handlers=None, ignore_user_meta=False, metas=['./colcon.meta'], base_paths=['.'], packages_ignore=None, packages_ignore_regex=None, paths=None, packages_up_to=None, packages_up_to_regex=None, packages_above=None, packages_above_and_dependencies=None, packages_above_depth=None, packages_select_by_dep=None, packages_skip_by_dep=None, packages_skip_up_to=None, packages_select_build_failed=False, packages_skip_build_finished=False, packages_select_test_failures=False, packages_skip_test_passed=False, packages_select=None, packages_skip=None, packages_select_regex=None, packages_skip_regex=None, packages_start=None, packages_end=None, allow_overriding=[], cmake_args=None, cmake_target=None, cmake_target_skip_unavailable=False, cmake_clean_cache=False, cmake_clean_first=False, cmake_force_configure=False, ament_cmake_args=None, catkin_cmake_args=None, catkin_skip_building_tests=False, verb_parser=<colcon_defaults.argument_parser.defaults.DefaultArgumentsDecorator object at 0xffff814bf970>, verb_extension=<colcon_core.verb.build.BuildVerb object at 0xffff817d1ba0>, main=<bound method BuildVerb.main of <colcon_core.verb.build.BuildVerb object at 0xffff817d1ba0>>)
[4.642s] Level 1:colcon.colcon_core.package_discovery:discover_packages(colcon_meta) check parameters
[4.643s] Level 1:colcon.colcon_core.package_discovery:discover_packages(recursive) check parameters
[4.643s] Level 1:colcon.colcon_core.package_discovery:discover_packages(ignore) check parameters
[4.643s] Level 1:colcon.colcon_core.package_discovery:discover_packages(path) check parameters
[4.643s] Level 1:colcon.colcon_core.package_discovery:discover_packages(colcon_meta) discover
[4.644s] Level 1:colcon.colcon_core.package_discovery:discover_packages(recursive) discover
[4.644s] INFO:colcon.colcon_core.package_discovery:Crawling recursively for packages in '/home/ethanho231/ros2_ws'
[4.644s] Level 1:colcon.colcon_core.package_identification:_identify(.) by extensions ['ignore', 'ignore_ament_install']
[4.645s] Level 1:colcon.colcon_core.package_identification:_identify(.) by extension 'ignore'
[4.645s] Level 1:colcon.colcon_core.package_identification:_identify(.) by extension 'ignore_ament_install'
[4.645s] Level 1:colcon.colcon_core.package_identification:_identify(.) by extensions ['colcon_pkg']
[4.645s] Level 1:colcon.colcon_core.package_identification:_identify(.) by extension 'colcon_pkg'
[4.646s] Level 1:colcon.colcon_core.package_identification:_identify(.) by extensions ['colcon_meta']
[4.646s] Level 1:colcon.colcon_core.package_identification:_identify(.) by extension 'colcon_meta'
[4.646s] Level 1:colcon.colcon_core.package_identification:_identify(.) by extensions ['ros']
[4.646s] Level 1:colcon.colcon_core.package_identification:_identify(.) by extension 'ros'
[4.707s] Level 1:colcon.colcon_core.package_identification:_identify(.) by extensions ['cmake', 'python']
[4.708s] Level 1:colcon.colcon_core.package_identification:_identify(.) by extension 'cmake'
[4.708s] Level 1:colcon.colcon_core.package_identification:_identify(.) by extension 'python'
[4.708s] Level 1:colcon.colcon_core.package_identification:_identify(.) by extensions ['python_setup_py']
[4.708s] Level 1:colcon.colcon_core.package_identification:_identify(.) by extension 'python_setup_py'
[4.709s] Level 1:colcon.colcon_core.package_identification:_identify(build) by extensions ['ignore', 'ignore_ament_install']
[4.709s] Level 1:colcon.colcon_core.package_identification:_identify(build) by extension 'ignore'
[4.710s] Level 1:colcon.colcon_core.package_identification:_identify(build) ignored
[4.710s] Level 1:colcon.colcon_core.package_identification:_identify(install) by extensions ['ignore', 'ignore_ament_install']
[4.711s] Level 1:colcon.colcon_core.package_identification:_identify(install) by extension 'ignore'
[4.711s] Level 1:colcon.colcon_core.package_identification:_identify(install) ignored
[4.711s] Level 1:colcon.colcon_core.package_identification:_identify(log) by extensions ['ignore', 'ignore_ament_install']
[4.712s] Level 1:colcon.colcon_core.package_identification:_identify(log) by extension 'ignore'
[4.712s] Level 1:colcon.colcon_core.package_identification:_identify(log) ignored
[4.712s] Level 1:colcon.colcon_core.package_identification:_identify(src) by extensions ['ignore', 'ignore_ament_install']
[4.713s] Level 1:colcon.colcon_core.package_identification:_identify(src) by extension 'ignore'
[4.713s] Level 1:colcon.colcon_core.package_identification:_identify(src) by extension 'ignore_ament_install'
[4.713s] Level 1:colcon.colcon_core.package_identification:_identify(src) by extensions ['colcon_pkg']
[4.713s] Level 1:colcon.colcon_core.package_identification:_identify(src) by extension 'colcon_pkg'
[4.714s] Level 1:colcon.colcon_core.package_identification:_identify(src) by extensions ['colcon_meta']
[4.714s] Level 1:colcon.colcon_core.package_identification:_identify(src) by extension 'colcon_meta'
[4.714s] Level 1:colcon.colcon_core.package_identification:_identify(src) by extensions ['ros']
[4.714s] Level 1:colcon.colcon_core.package_identification:_identify(src) by extension 'ros'
[4.714s] Level 1:colcon.colcon_core.package_identification:_identify(src) by extensions ['cmake', 'python']
[4.715s] Level 1:colcon.colcon_core.package_identification:_identify(src) by extension 'cmake'
[4.715s] Level 1:colcon.colcon_core.package_identification:_identify(src) by extension 'python'
[4.715s] Level 1:colcon.colcon_core.package_identification:_identify(src) by extensions ['python_setup_py']
[4.715s] Level 1:colcon.colcon_core.package_identification:_identify(src) by extension 'python_setup_py'
[4.715s] Level 1:colcon.colcon_core.package_identification:_identify(src/my_robot_samples) by extensions ['ignore', 'ignore_ament_install']
[4.716s] Level 1:colcon.colcon_core.package_identification:_identify(src/my_robot_samples) by extension 'ignore'
[4.716s] Level 1:colcon.colcon_core.package_identification:_identify(src/my_robot_samples) by extension 'ignore_ament_install'
[4.716s] Level 1:colcon.colcon_core.package_identification:_identify(src/my_robot_samples) by extensions ['colcon_pkg']
[4.717s] Level 1:colcon.colcon_core.package_identification:_identify(src/my_robot_samples) by extension 'colcon_pkg'
[4.717s] Level 1:colcon.colcon_core.package_identification:_identify(src/my_robot_samples) by extensions ['colcon_meta']
[4.717s] Level 1:colcon.colcon_core.package_identification:_identify(src/my_robot_samples) by extension 'colcon_meta'
[4.717s] Level 1:colcon.colcon_core.package_identification:_identify(src/my_robot_samples) by extensions ['ros']
[4.717s] Level 1:colcon.colcon_core.package_identification:_identify(src/my_robot_samples) by extension 'ros'
[4.726s] DEBUG:colcon.colcon_core.package_identification:Package 'src/my_robot_samples' with type 'ros.ament_python' and name 'my_robot_samples'
[4.727s] Level 1:colcon.colcon_core.package_discovery:discover_packages(recursive) using defaults
[4.727s] Level 1:colcon.colcon_core.package_discovery:discover_packages(ignore) discover
[4.727s] Level 1:colcon.colcon_core.package_discovery:discover_packages(ignore) using defaults
[4.727s] Level 1:colcon.colcon_core.package_discovery:discover_packages(path) discover
[4.727s] Level 1:colcon.colcon_core.package_discovery:discover_packages(path) using defaults
[5.124s] Level 1:colcon.colcon_core.package_discovery:discover_packages(prefix_path) check parameters
[5.124s] Level 1:colcon.colcon_core.package_discovery:discover_packages(prefix_path) discover
[5.266s] DEBUG:colcon.colcon_installed_package_information.package_discovery:Found 1 installed packages in /home/ethanho231/ros2_ws/install
[5.336s] DEBUG:colcon.colcon_installed_package_information.package_discovery:Found 270 installed packages in /opt/ros/humble
[5.342s] Level 1:colcon.colcon_core.package_discovery:discover_packages(prefix_path) using defaults
[5.791s] Level 5:colcon.colcon_core.verb:set package 'my_robot_samples' build argument 'cmake_args' from command line to 'None'
[5.792s] Level 5:colcon.colcon_core.verb:set package 'my_robot_samples' build argument 'cmake_target' from command line to 'None'
[5.792s] Level 5:colcon.colcon_core.verb:set package 'my_robot_samples' build argument 'cmake_target_skip_unavailable' from command line to 'False'
[5.792s] Level 5:colcon.colcon_core.verb:set package 'my_robot_samples' build argument 'cmake_clean_cache' from command line to 'False'
[5.792s] Level 5:colcon.colcon_core.verb:set package 'my_robot_samples' build argument 'cmake_clean_first' from command line to 'False'
[5.792s] Level 5:colcon.colcon_core.verb:set package 'my_robot_samples' build argument 'cmake_force_configure' from command line to 'False'
[5.792s] Level 5:colcon.colcon_core.verb:set package 'my_robot_samples' build argument 'ament_cmake_args' from command line to 'None'
[5.792s] Level 5:colcon.colcon_core.verb:set package 'my_robot_samples' build argument 'catkin_cmake_args' from command line to 'None'
[5.792s] Level 5:colcon.colcon_core.verb:set package 'my_robot_samples' build argument 'catkin_skip_building_tests' from command line to 'False'
[5.793s] DEBUG:colcon.colcon_core.verb:Building package 'my_robot_samples' with the following arguments: {'ament_cmake_args': None, 'build_base': '/home/ethanho231/ros2_ws/build/my_robot_samples', 'catkin_cmake_args': None, 'catkin_skip_building_tests': False, 'cmake_args': None, 'cmake_clean_cache': False, 'cmake_clean_first': False, 'cmake_force_configure': False, 'cmake_target': None, 'cmake_target_skip_unavailable': False, 'install_base': '/home/ethanho231/ros2_ws/install/my_robot_samples', 'merge_install': False, 'path': '/home/ethanho231/ros2_ws/src/my_robot_samples', 'symlink_install': True, 'test_result_base': None}
[5.853s] INFO:colcon.colcon_core.executor:Executing jobs using 'parallel' executor
[5.917s] DEBUG:colcon.colcon_parallel_executor.executor.parallel:run_until_complete
[5.918s] INFO:colcon.colcon_ros.task.ament_python.build:Building ROS package in '/home/ethanho231/ros2_ws/src/my_robot_samples' with build type 'ament_python'
[5.919s] Level 1:colcon.colcon_core.shell:create_environment_hook('my_robot_samples', 'ament_prefix_path')
[6.009s] INFO:colcon.colcon_core.plugin_system:Skipping extension 'colcon_core.shell.bat': Not used on non-Windows systems
[6.010s] INFO:colcon.colcon_core.shell:Creating environment hook '/home/ethanho231/ros2_ws/install/my_robot_samples/share/my_robot_samples/hook/ament_prefix_path.ps1'
[6.013s] INFO:colcon.colcon_core.shell:Creating environment descriptor '/home/ethanho231/ros2_ws/install/my_robot_samples/share/my_robot_samples/hook/ament_prefix_path.dsv'
[6.015s] INFO:colcon.colcon_core.shell:Creating environment hook '/home/ethanho231/ros2_ws/install/my_robot_samples/share/my_robot_samples/hook/ament_prefix_path.sh'
[6.094s] INFO:colcon.colcon_core.shell:Skip shell extension 'powershell' for command environment: Not usable outside of PowerShell
[6.095s] DEBUG:colcon.colcon_core.shell:Skip shell extension 'dsv' for command environment
[7.616s] INFO:colcon.colcon_core.task.python.build:Building Python package in '/home/ethanho231/ros2_ws/src/my_robot_samples'
[7.691s] INFO:colcon.colcon_core.shell:Skip shell extension 'powershell' for command environment: Not usable outside of PowerShell
[7.691s] DEBUG:colcon.colcon_core.shell:Skip shell extension 'dsv' for command environment
[9.590s] DEBUG:colcon.colcon_core.task.python.build:While undoing a previous installation files outside the Python library path are being ignored: /home/ethanho231/ros2_ws/install/my_robot_samples/share/ament_index/resource_index/packages/my_robot_samples
[9.591s] DEBUG:colcon.colcon_core.task.python.build:While undoing a previous installation files outside the Python library path are being ignored: /home/ethanho231/ros2_ws/install/my_robot_samples/share/my_robot_samples/package.xml
[9.612s] DEBUG:colcon.colcon_core.event_handler.log_command:Invoking command in '/home/ethanho231/ros2_ws/build/my_robot_samples': PYTHONPATH=/home/ethanho231/ros2_ws/build/my_robot_samples/prefix_override:/home/ethanho231/ros2_ws/install/my_robot_samples/lib/python3.10/site-packages:${PYTHONPATH} /usr/bin/python3 setup.py develop --editable --build-directory /home/ethanho231/ros2_ws/build/my_robot_samples/build --no-deps install_data
[11.880s] Level 1:colcon.colcon_core.shell:create_environment_hook('my_robot_samples', 'pythonpath_develop')
[11.882s] DEBUG:colcon.colcon_core.event_handler.log_command:Invoked command in '/home/ethanho231/ros2_ws/build/my_robot_samples' returned '0': PYTHONPATH=/home/ethanho231/ros2_ws/build/my_robot_samples/prefix_override:/home/ethanho231/ros2_ws/install/my_robot_samples/lib/python3.10/site-packages:${PYTHONPATH} /usr/bin/python3 setup.py develop --editable --build-directory /home/ethanho231/ros2_ws/build/my_robot_samples/build --no-deps install_data
[11.957s] INFO:colcon.colcon_core.shell:Creating environment hook '/home/ethanho231/ros2_ws/build/my_robot_samples/share/my_robot_samples/hook/pythonpath_develop.ps1'
[11.959s] INFO:colcon.colcon_core.shell:Creating environment descriptor '/home/ethanho231/ros2_ws/build/my_robot_samples/share/my_robot_samples/hook/pythonpath_develop.dsv'
[11.961s] INFO:colcon.colcon_core.shell:Creating environment hook '/home/ethanho231/ros2_ws/build/my_robot_samples/share/my_robot_samples/hook/pythonpath_develop.sh'
[12.048s] Level 1:colcon.colcon_core.environment:checking '/home/ethanho231/ros2_ws/install/my_robot_samples' for CMake module files
[12.051s] Level 1:colcon.colcon_core.environment:checking '/home/ethanho231/ros2_ws/install/my_robot_samples' for CMake config files
[12.054s] Level 1:colcon.colcon_core.environment:checking '/home/ethanho231/ros2_ws/install/my_robot_samples/lib'
[12.055s] Level 1:colcon.colcon_core.environment:checking '/home/ethanho231/ros2_ws/install/my_robot_samples/bin'
[12.056s] Level 1:colcon.colcon_core.environment:checking '/home/ethanho231/ros2_ws/install/my_robot_samples/lib/pkgconfig/my_robot_samples.pc'
[12.057s] Level 1:colcon.colcon_core.environment:checking '/home/ethanho231/ros2_ws/install/my_robot_samples/lib/python3.10/site-packages'
[12.057s] Level 1:colcon.colcon_core.shell:create_environment_hook('my_robot_samples', 'pythonpath')
[12.132s] INFO:colcon.colcon_core.shell:Creating environment hook '/home/ethanho231/ros2_ws/install/my_robot_samples/share/my_robot_samples/hook/pythonpath.ps1'
[12.134s] INFO:colcon.colcon_core.shell:Creating environment descriptor '/home/ethanho231/ros2_ws/install/my_robot_samples/share/my_robot_samples/hook/pythonpath.dsv'
[12.136s] INFO:colcon.colcon_core.shell:Creating environment hook '/home/ethanho231/ros2_ws/install/my_robot_samples/share/my_robot_samples/hook/pythonpath.sh'
[12.140s] Level 1:colcon.colcon_core.environment:checking '/home/ethanho231/ros2_ws/install/my_robot_samples/bin'
[12.140s] Level 1:colcon.colcon_core.environment:create_environment_scripts_only(my_robot_samples)
[12.211s] INFO:colcon.colcon_core.shell:Creating package script '/home/ethanho231/ros2_ws/install/my_robot_samples/share/my_robot_samples/package.ps1'
[12.216s] INFO:colcon.colcon_core.shell:Creating package descriptor '/home/ethanho231/ros2_ws/install/my_robot_samples/share/my_robot_samples/package.dsv'
[12.221s] INFO:colcon.colcon_core.shell:Creating package script '/home/ethanho231/ros2_ws/install/my_robot_samples/share/my_robot_samples/package.sh'
[12.226s] INFO:colcon.colcon_core.shell:Creating package script '/home/ethanho231/ros2_ws/install/my_robot_samples/share/my_robot_samples/package.bash'
[12.230s] INFO:colcon.colcon_core.shell:Creating package script '/home/ethanho231/ros2_ws/install/my_robot_samples/share/my_robot_samples/package.zsh'
[12.236s] Level 1:colcon.colcon_core.environment:create_file_with_runtime_dependencies(/home/ethanho231/ros2_ws/install/my_robot_samples/share/colcon-core/packages/my_robot_samples)
[12.237s] DEBUG:colcon.colcon_parallel_executor.executor.parallel:closing loop
[12.239s] DEBUG:colcon.colcon_parallel_executor.executor.parallel:loop closed
[12.239s] DEBUG:colcon.colcon_parallel_executor.executor.parallel:run_until_complete finished with '0'
[12.239s] DEBUG:colcon.colcon_core.event_reactor:joining thread
[12.339s] INFO:colcon.colcon_core.plugin_system:Skipping extension 'colcon_notification.desktop_notification.terminal_notifier': Not used on non-Darwin systems
[12.339s] INFO:colcon.colcon_core.plugin_system:Skipping extension 'colcon_notification.desktop_notification.win32': Not used on non-Windows systems
[12.340s] INFO:colcon.colcon_notification.desktop_notification:Sending desktop notification using 'notify2'
[12.423s] DEBUG:colcon.colcon_core.event_reactor:joined thread
[12.700s] INFO:colcon.colcon_core.shell:Creating prefix script '/home/ethanho231/ros2_ws/install/local_setup.ps1'
[12.705s] INFO:colcon.colcon_core.shell:Creating prefix util module '/home/ethanho231/ros2_ws/install/_local_setup_util_ps1.py'
[12.710s] INFO:colcon.colcon_core.shell:Creating prefix chain script '/home/ethanho231/ros2_ws/install/setup.ps1'
[12.780s] INFO:colcon.colcon_core.shell:Creating prefix script '/home/ethanho231/ros2_ws/install/local_setup.sh'
[12.783s] INFO:colcon.colcon_core.shell:Creating prefix util module '/home/ethanho231/ros2_ws/install/_local_setup_util_sh.py'
[12.786s] INFO:colcon.colcon_core.shell:Creating prefix chain script '/home/ethanho231/ros2_ws/install/setup.sh'
[12.862s] INFO:colcon.colcon_core.shell:Creating prefix script '/home/ethanho231/ros2_ws/install/local_setup.bash'
[12.865s] INFO:colcon.colcon_core.shell:Creating prefix chain script '/home/ethanho231/ros2_ws/install/setup.bash'
[12.934s] INFO:colcon.colcon_core.shell:Creating prefix script '/home/ethanho231/ros2_ws/install/local_setup.zsh'
[12.937s] INFO:colcon.colcon_core.shell:Creating prefix chain script '/home/ethanho231/ros2_ws/install/setup.zsh'
